 Total Nb of available Diagnostics: ndiagt=   230
------------------------------------------------------------------------------------
  Num  |<-Name->|Levs|  mate |<- code ->|<--  Units   -->|<- Tile (max=80c)         
------------------------------------------------------------------------------------
     1 |SDIAG1  |  1 |       |SM      L1|user-defined    |User-Defined   Surface   Diagnostic  #1
     2 |SDIAG2  |  1 |       |SM      L1|user-defined    |User-Defined   Surface   Diagnostic  #2
     3 |SDIAG3  |  1 |       |SM      L1|user-defined    |User-Defined   Surface   Diagnostic  #3
     4 |SDIAG4  |  1 |       |SM      L1|user-defined    |User-Defined   Surface   Diagnostic  #4
     5 |SDIAG5  |  1 |       |SM      L1|user-defined    |User-Defined   Surface   Diagnostic  #5
     6 |SDIAG6  |  1 |       |SM      L1|user-defined    |User-Defined   Surface   Diagnostic  #6
     7 |SDIAG7  |  1 |       |SU      L1|user-defined    |User-Defined U.pt Surface Diagnostic #7
     8 |SDIAG8  |  1 |       |SV      L1|user-defined    |User-Defined V.pt Surface Diagnostic #8
     9 |SDIAG9  |  1 |    10 |UU      L1|user-defined    |User-Defined U.vector Surface Diag.  #9
    10 |SDIAG10 |  1 |     9 |VV      L1|user-defined    |User-Defined V.vector Surface Diag. #10
    11 |UDIAG1  | 70 |       |SM      MR|user-defined    |User-Defined Model-Level Diagnostic  #1
    12 |UDIAG2  | 70 |       |SM      MR|user-defined    |User-Defined Model-Level Diagnostic  #2
    13 |UDIAG3  | 70 |       |SMR     MR|user-defined    |User-Defined Model-Level Diagnostic  #3
    14 |UDIAG4  | 70 |       |SMR     MR|user-defined    |User-Defined Model-Level Diagnostic  #4
    15 |UDIAG5  | 70 |       |SU      MR|user-defined    |User-Defined U.pt Model-Level Diag.  #5
    16 |UDIAG6  | 70 |       |SV      MR|user-defined    |User-Defined V.pt Model-Level Diag.  #6
    17 |UDIAG7  | 70 |    18 |UUR     MR|user-defined    |User-Defined U.vector Model-Lev Diag.#7
    18 |UDIAG8  | 70 |    17 |VVR     MR|user-defined    |User-Defined V.vector Model-Lev Diag.#8
    19 |UDIAG9  | 70 |       |SM      ML|user-defined    |User-Defined Phys-Level  Diagnostic  #9
    20 |UDIAG10 | 70 |       |SM      ML|user-defined    |User-Defined Phys-Level  Diagnostic #10
    21 |SDIAGC  |  1 |    22 |SM  C   L1|user-defined    |User-Defined Counted Surface Diagnostic
    22 |SDIAGCC |  1 |       |SM      L1|count           |User-Defined Surface Diagnostic Counter
    23 |ETAN    |  1 |       |SM      M1|m               |Surface Height Anomaly
    24 |ETANSQ  |  1 |       |SM P    M1|m^2             |Square of Surface Height Anomaly
    25 |DETADT2 |  1 |       |SM      M1|m^2/s^2         |Square of Surface Height Anomaly Tendency
    26 |THETA   | 70 |       |SMR     MR|degC            |Potential Temperature
    27 |SALT    | 70 |       |SMR     MR|psu             |Salinity
    28 |RELHUM  | 70 |       |SMR     MR|percent         |Relative Humidity
    29 |SALTanom| 70 |       |SMR     MR|psu             |Salt anomaly (=SALT-35; g/kg)
    30 |UVEL    | 70 |    31 |UUR     MR|m/s             |Zonal Component of Velocity (m/s)
    31 |VVEL    | 70 |    30 |VVR     MR|m/s             |Meridional Component of Velocity (m/s)
    32 |WVEL    | 70 |       |WM      LR|m/s             |Vertical Component of Velocity (r_units/s)
    33 |THETASQ | 70 |       |SMRP    MR|degC^2          |Square of Potential Temperature
    34 |SALTSQ  | 70 |       |SMRP    MR|(psu)^2         |Square of Salinity
    35 |SALTSQan| 70 |       |SMRP    MR|(psu)^2         |Square of Salt anomaly (=(SALT-35)^2 (g^2/kg^2)
    36 |UVELSQ  | 70 |    37 |UURP    MR|m^2/s^2         |Square of Zonal Comp of Velocity (m^2/s^2)
    37 |VVELSQ  | 70 |    36 |VVRP    MR|m^2/s^2         |Square of Meridional Comp of Velocity (m^2/s^2)
    38 |WVELSQ  | 70 |       |WM P    LR|m^2/s^2         |Square of Vertical Comp of Velocity
    39 |UE_VEL_C| 70 |    40 |UMR     MR|m/s             |Eastward Velocity (m/s) (cell center)
    40 |VN_VEL_C| 70 |    39 |VMR     MR|m/s             |Northward Velocity (m/s) (cell center)
    41 |UV_VEL_C| 70 |    41 |UMR     MR|m^2/s^2         |Product of horizontal Comp of velocity (cell center)
    42 |UV_VEL_Z| 70 |    42 |UZR     MR|m^2/s^2         |Meridional Transport of Zonal Momentum (m^2/s^2)
    43 |WU_VEL  | 70 |       |WU      LR|m.m/s^2         |Vertical Transport of Zonal Momentum
    44 |WV_VEL  | 70 |       |WV      LR|m.m/s^2         |Vertical Transport of Meridional Momentum
    45 |UVELMASS| 70 |    46 |UUr     MR|m/s             |Zonal Mass-Weighted Comp of Velocity (m/s)
    46 |VVELMASS| 70 |    45 |VVr     MR|m/s             |Meridional Mass-Weighted Comp of Velocity (m/s)
    47 |WVELMASS| 70 |       |WM      LR|m/s             |Vertical Mass-Weighted Comp of Velocity
    48 |PhiVEL  | 70 |    45 |SMR P   MR|m^2/s           |Horizontal Velocity Potential (m^2/s)
    49 |PsiVEL  | 70 |    48 |SZ  P   MR|m.m^2/s         |Horizontal Velocity Stream-Function
    50 |UTHMASS | 70 |    51 |UUr     MR|degC.m/s        |Zonal Mass-Weight Transp of Pot Temp
    51 |VTHMASS | 70 |    50 |VVr     MR|degC.m/s        |Meridional Mass-Weight Transp of Pot Temp
    52 |WTHMASS | 70 |       |WM      LR|degC.m/s        |Vertical Mass-Weight Transp of Pot Temp (K.m/s)
    53 |USLTMASS| 70 |    54 |UUr     MR|psu.m/s         |Zonal Mass-Weight Transp of Salinity
    54 |VSLTMASS| 70 |    53 |VVr     MR|psu.m/s         |Meridional Mass-Weight Transp of Salinity
    55 |WSLTMASS| 70 |       |WM      LR|psu.m/s         |Vertical Mass-Weight Transp of Salinity
    56 |UVELTH  | 70 |    57 |UUR     MR|degC.m/s        |Zonal Transport of Pot Temp
    57 |VVELTH  | 70 |    56 |VVR     MR|degC.m/s        |Meridional Transport of Pot Temp
    58 |WVELTH  | 70 |       |WM      LR|degC.m/s        |Vertical Transport of Pot Temp
    59 |UVELSLT | 70 |    60 |UUR     MR|psu.m/s         |Zonal Transport of Salinity
    60 |VVELSLT | 70 |    59 |VVR     MR|psu.m/s         |Meridional Transport of Salinity
    61 |WVELSLT | 70 |       |WM      LR|psu.m/s         |Vertical Transport of Salinity
    62 |UVELPHI | 70 |    63 |UUr     MR|m^3/s^3         |Zonal Mass-Weight Transp of Pressure Pot.(p/rho) Anomaly
    63 |VVELPHI | 70 |    62 |VVr     MR|m^3/s^3         |Merid. Mass-Weight Transp of Pressure Pot.(p/rho) Anomaly
    64 |RHOAnoma| 70 |       |SMR     MR|kg/m^3          |Density Anomaly (=Rho-rhoConst)
    65 |RHOANOSQ| 70 |       |SMRP    MR|kg^2/m^6        |Square of Density Anomaly (=(Rho-rhoConst)^2)
    66 |URHOMASS| 70 |    67 |UUr     MR|kg/m^2/s        |Zonal Transport of Density
    67 |VRHOMASS| 70 |    66 |VVr     MR|kg/m^2/s        |Meridional Transport of Density
    68 |WRHOMASS| 70 |       |WM      LR|kg/m^2/s        |Vertical Transport of Density
    69 |WdRHO_P | 70 |       |WM      LR|kg/m^2/s        |Vertical velocity times delta^k(Rho)_at-const-P
    70 |WdRHOdP | 70 |       |WM      LR|kg/m^2/s        |Vertical velocity times delta^k(Rho)_at-const-T,S
    71 |PHIHYD  | 70 |       |SMR     MR|m^2/s^2         |Hydrostatic Pressure Pot.(p/rho) Anomaly
    72 |PHIHYDSQ| 70 |       |SMRP    MR|m^4/s^4         |Square of Hyd. Pressure Pot.(p/rho) Anomaly
    73 |PHIBOT  |  1 |       |SM      M1|m^2/s^2         |Bottom Pressure Pot.(p/rho) Anomaly
    74 |PHIBOTSQ|  1 |       |SM P    M1|m^4/s^4         |Square of Bottom Pressure Pot.(p/rho) Anomaly
    75 |PHI_SURF|  1 |       |SM      M1|m^2/s^2         |Surface Dynamical Pressure Pot.(p/rho)
    76 |MXLDEPTH|  1 |       |SM      M1|m               |Mixed-Layer Depth (>0)
    77 |DRHODR  | 70 |       |SM      LR|kg/m^4          |Stratification: d.Sigma/dr (kg/m3/r_unit)
    78 |CONVADJ | 70 |       |SMR     LR|fraction        |Convective Adjustment Index [0-1]
    79 |oceTAUX |  1 |    80 |UU      U1|N/m^2           |zonal surface wind stress, >0 increases uVel
    80 |oceTAUY |  1 |    79 |VV      U1|N/m^2           |meridional surf. wind stress, >0 increases vVel
    81 |atmPload|  1 |       |SM      U1|Pa              |Atmospheric pressure loading
    82 |sIceLoad|  1 |       |SM      U1|kg/m^2          |sea-ice loading (in Mass of ice+snow / area unit)
    83 |oceFWflx|  1 |       |SM      U1|kg/m^2/s        |net surface Fresh-Water flux into the ocean (+=down), >0 decreases salinity
    84 |oceSflux|  1 |       |SM      U1|g/m^2/s         |net surface Salt flux into the ocean (+=down), >0 increases salinity
    85 |oceQnet |  1 |       |SM      U1|W/m^2           |net surface heat flux into the ocean (+=down), >0 increases theta
    86 |oceQsw  |  1 |       |SM      U1|W/m^2           |net Short-Wave radiation (+=down), >0 increases theta
    87 |oceFreez|  1 |       |SM      U1|W/m^2           |heating from freezing of sea-water (allowFreezing=T)
    88 |TRELAX  |  1 |       |SM      U1|W/m^2           |surface temperature relaxation, >0 increases theta
    89 |SRELAX  |  1 |       |SM      U1|g/m^2/s         |surface salinity relaxation, >0 increases salt
    90 |surForcT|  1 |       |SM      U1|W/m^2           |model surface forcing for Temperature, >0 increases theta
    91 |surForcS|  1 |       |SM      U1|g/m^2/s         |model surface forcing for Salinity, >0 increases salinity
    92 |TFLUX   |  1 |       |SM      U1|W/m^2           |total heat flux (match heat-content variations), >0 increases theta
    93 |SFLUX   |  1 |       |SM      U1|g/m^2/s         |total salt flux (match salt-content variations), >0 increases salt
    94 |RCENTER | 70 |       |SM      MR|m               |Cell-Center Height
    95 |RSURF   |  1 |       |SM      M1|m               |Surface Height
    96 |TOTUTEND| 70 |    97 |UUR     MR|m/s/day         |Tendency of Zonal Component of Velocity
    97 |TOTVTEND| 70 |    96 |VVR     MR|m/s/day         |Tendency of Meridional Component of Velocity
    98 |TOTTTEND| 70 |       |SMR     MR|degC/day        |Tendency of Potential Temperature
    99 |TOTSTEND| 70 |       |SMR     MR|psu/day         |Tendency of Salinity
------------------------------------------------------------------------------------
  Num  |<-Name->|Levs|  mate |<- code ->|<--  Units   -->|<- Tile (max=80c)         
------------------------------------------------------------------------------------
   100 |MoistCor| 70 |       |SM      MR|W/m^2           |Heating correction due to moist thermodynamics
   101 |gT_Forc | 70 |       |SMR     MR|degC/s          |Potential Temp. forcing tendency
   102 |gS_Forc | 70 |       |SMR     MR|psu/s           |Salinity forcing tendency
   103 |AB_gT   | 70 |       |SMR     MR|degC/s          |Potential Temp. tendency from Adams-Bashforth
   104 |AB_gS   | 70 |       |SMR     MR|psu/s           |Salinity tendency from Adams-Bashforth
   105 |gTinAB  | 70 |       |SMR     MR|degC/s          |Potential Temp. tendency going in Adams-Bashforth
   106 |gSinAB  | 70 |       |SMR     MR|psu/s           |Salinity tendency going in Adams-Bashforth
   107 |AB_gU   | 70 |   108 |UUR     MR|m/s^2           |U momentum tendency from Adams-Bashforth
   108 |AB_gV   | 70 |   107 |VVR     MR|m/s^2           |V momentum tendency from Adams-Bashforth
   109 |ADVr_TH | 70 |       |WM      LR|degC.m^3/s      |Vertical   Advective Flux of Pot.Temperature
   110 |ADVx_TH | 70 |   111 |UU      MR|degC.m^3/s      |Zonal      Advective Flux of Pot.Temperature
   111 |ADVy_TH | 70 |   110 |VV      MR|degC.m^3/s      |Meridional Advective Flux of Pot.Temperature
   112 |DFrE_TH | 70 |       |WM      LR|degC.m^3/s      |Vertical Diffusive Flux of Pot.Temperature (Explicit part)
   113 |DFxE_TH | 70 |   114 |UU      MR|degC.m^3/s      |Zonal      Diffusive Flux of Pot.Temperature
   114 |DFyE_TH | 70 |   113 |VV      MR|degC.m^3/s      |Meridional Diffusive Flux of Pot.Temperature
   115 |DFrI_TH | 70 |       |WM      LR|degC.m^3/s      |Vertical Diffusive Flux of Pot.Temperature (Implicit part)
   116 |ADVr_SLT| 70 |       |WM      LR|psu.m^3/s       |Vertical   Advective Flux of Salinity
   117 |ADVx_SLT| 70 |   118 |UU      MR|psu.m^3/s       |Zonal      Advective Flux of Salinity
   118 |ADVy_SLT| 70 |   117 |VV      MR|psu.m^3/s       |Meridional Advective Flux of Salinity
   119 |DFrE_SLT| 70 |       |WM      LR|psu.m^3/s       |Vertical Diffusive Flux of Salinity    (Explicit part)
   120 |DFxE_SLT| 70 |   121 |UU      MR|psu.m^3/s       |Zonal      Diffusive Flux of Salinity
   121 |DFyE_SLT| 70 |   120 |VV      MR|psu.m^3/s       |Meridional Diffusive Flux of Salinity
   122 |DFrI_SLT| 70 |       |WM      LR|psu.m^3/s       |Vertical Diffusive Flux of Salinity    (Implicit part)
   123 |SALTFILL| 70 |       |SM      MR|psu.m^3/s       |Filling of Negative Values of Salinity
   124 |EXFhs   |  1 |       |SM      U1|W/m^2           |Sensible heat flux into ocean, >0 increases theta
   125 |EXFhl   |  1 |       |SM      U1|W/m^2           |Latent heat flux into ocean, >0 increases theta
   126 |EXFlwnet|  1 |       |SM      U1|W/m^2           |Net upward longwave radiation, >0 decreases theta
   127 |EXFswnet|  1 |       |SM      U1|W/m^2           |Net upward shortwave radiation, >0 decreases theta
   128 |EXFlwdn |  1 |       |SM      U1|W/m^2           |Downward longwave radiation, >0 increases theta
   129 |EXFswdn |  1 |       |SM      U1|W/m^2           |Downward shortwave radiation, >0 increases theta
   130 |EXFqnet |  1 |       |SM      U1|W/m^2           |Net upward heat flux (turb+rad), >0 decreases theta
   131 |EXFtaux |  1 |       |UM      U1|N/m^2           |zonal surface wind stress, >0 increases uVel
   132 |EXFtauy |  1 |       |VM      U1|N/m^2           |meridional surface wind stress, >0 increases vVel
   133 |EXFuwind|  1 |       |UM      U1|m/s             |zonal 10-m wind speed, >0 increases uVel
   134 |EXFvwind|  1 |       |VM      U1|m/s             |meridional 10-m wind speed, >0 increases uVel
   135 |EXFwspee|  1 |       |SM      U1|m/s             |10-m wind speed modulus ( >= 0 )
   136 |EXFatemp|  1 |       |SM      U1|degK            |surface (2-m) air temperature
   137 |EXFaqh  |  1 |       |SM      U1|kg/kg           |surface (2-m) specific humidity
   138 |EXFevap |  1 |       |SM      U1|m/s             |evaporation, > 0 increases salinity
   139 |EXFpreci|  1 |       |SM      U1|m/s             |precipitation, > 0 decreases salinity
   140 |EXFsnow |  1 |       |SM      U1|m/s             |snow precipitation, > 0 decreases salinity
   141 |EXFempmr|  1 |       |SM      U1|m/s             |net upward freshwater flux, > 0 increases salinity
   142 |EXFpress|  1 |       |SM      U1|N/m^2           |atmospheric pressure field
   143 |EXFroff |  1 |       |SM      U1|m/s             |river runoff, > 0 decreases salinity
   144 |EXFroft |  1 |       |SM      U1|deg C           |river runoff temperature
   145 |EXFsalfx|  1 |       |SM      U1|psu.kg/m^2/s    |upward salt flux, > 0 decreases salinity
   146 |KPPviscA| 70 |       |SM P    LR|m^2/s           |KPP vertical eddy viscosity coefficient
   147 |KPPdiffS| 70 |       |SM P    LR|m^2/s           |Vertical diffusion coefficient for salt & tracers
   148 |KPPdiffT| 70 |       |SM P    LR|m^2/s           |Vertical diffusion coefficient for heat
   149 |KPPghatK| 70 |       |SM P    LR|0-1             |ratio of KPP non-local (salt) flux relative to surface-flux
   150 |KPPhbl  |  1 |       |SM P     1|m               |KPP boundary layer depth, bulk Ri criterion
   151 |KPPfrac |  1 |       |SM P     1|                |Short-wave flux fraction penetrating mixing layer
   152 |KPPdbsfc| 70 |       |SM P    UR|m/s^2           |Buoyancy difference with respect to surface
   153 |KPPbfsfc| 70 |       |SM P    UR|m^2/s^3         |Bo+radiation absorbed to d=hbf*hbl + plume
   154 |KPPRi   | 70 |       |SM P    UR|non-dimensional |Bulk Richardson number
   155 |KPPbo   |  1 |       |SM P     1|m^2/s^3         |Surface turbulent buoyancy forcing
   156 |KPPbosol|  1 |       |SM P     1|m^2/s^3         |surface radiative buoyancy forcing
   157 |KPPdbloc| 70 |       |SM P    UR|m/s^2           |Local delta buoyancy across interfaces
   158 |KPPnuddt| 70 |       |SM P    UR|m^2/s           |Vertical double diffusion coefficient for heat
   159 |KPPnudds| 70 |       |SM P    UR|m^2/s           |Vertical double diffusion coefficient for salt
   160 |KPPg_TH | 70 |       |WM      LR|degC.m^3/s      |KPP non-local Flux of Pot.Temperature
   161 |KPPg_SLT| 70 |       |WM      LR|psu.m^3/s       |KPP non-local Flux of Salinity
   162 |SIarea  |  1 |       |SM      M1|m^2/m^2         |SEAICE fractional ice-covered area [0 to 1]
   163 |SIareaPR|  1 |       |SM      M1|m^2/m^2         |SIarea preceeding ridging process
   164 |SIareaPT|  1 |       |SM      M1|m^2/m^2         |SIarea preceeding thermodynamic growth/melt
   165 |SIheff  |  1 |       |SM      M1|m               |SEAICE effective ice thickness
   166 |SIheffPT|  1 |       |SM      M1|m               |SIheff preceeeding thermodynamic growth/melt
   167 |SIhsnow |  1 |       |SM      M1|m               |SEAICE effective snow thickness
   168 |SIhsnoPT|  1 |       |SM      M1|m               |SIhsnow preceeeding thermodynamic growth/melt
   169 |SIhsalt |  1 |       |SM      M1|g/m^2           |SEAICE effective salinity
   170 |SItices |  1 |   162 |SM  C   M1|K               |Surface Temperature over Sea-Ice (area weighted)
   171 |SIuice  |  1 |   172 |UZ      M1|m/s             |SEAICE zonal ice velocity, >0 from West to East
   172 |SIvice  |  1 |   171 |VZ      M1|m/s             |SEAICE merid. ice velocity, >0 from South to North
   173 |SIfu    |  1 |   174 |UU      U1|N/m^2           |SEAICE zonal surface wind stress, >0 increases uVel
   174 |SIfv    |  1 |   173 |VV      U1|N/m^2           |SEAICE merid. surface wind stress, >0 increases vVel
   175 |SIuwind |  1 |   176 |UM      U1|m/s             |SEAICE zonal 10-m wind speed, >0 increases uVel
   176 |SIvwind |  1 |   175 |VM      U1|m/s             |SEAICE meridional 10-m wind speed, >0 increases uVel
   177 |SIqnet  |  1 |       |SM      U1|W/m^2           |Ocean surface heatflux, turb+rad, >0 decreases theta
   178 |SIqsw   |  1 |       |SM      U1|W/m^2           |Ocean surface shortwave radiat., >0 decreases theta
   179 |SIatmQnt|  1 |       |SM      U1|W/m^2           |Net atmospheric heat flux, >0 decreases theta
   180 |SItflux |  1 |       |SM      U1|W/m^2           |Same as TFLUX but incl seaice (>0 incr T decr H)
   181 |SIhl    |  1 |       |SM      U1|W/m^2           |Latent heat flux into ocean, >0 increases theta
   182 |SIqneto |  1 |       |SM      U1|W/m^2           |Open Ocean Part of SIqnet, turb+rad, >0 decr theta
   183 |SIqneti |  1 |       |SM      U1|W/m^2           |Ice Covered Part of SIqnet, turb+rad, >0 decr theta
   184 |SIempmr |  1 |       |SM      U1|kg/m^2/s        |Ocean surface freshwater flux, > 0 increases salt
   185 |SIatmFW |  1 |       |SM      U1|kg/m^2/s        |Net freshwater flux from atmosphere & land (+=down)
   186 |SIsnPrcp|  1 |       |SM      U1|kg/m^2/s        |Snow precip. (+=dw) over Sea-Ice (area weighted)
   187 |SIfwSubl|  1 |       |SM      U1|kg/m^2/s        |Potential sublimation freshwater flux, >0 decr. ice
   188 |SIacSubl|  1 |       |SM      U1|kg/m^2/s        |Actual sublimation freshwater flux, >0 decr. ice
   189 |SIrsSubl|  1 |       |SM      U1|kg/m^2/s        |Residual subl. freshwater flux, >0 taken from ocn
   190 |SIactLHF|  1 |       |SM      U1|W/m^2           |Actual latent heat flux over ice
   191 |SImaxLHF|  1 |       |SM      U1|W/m^2           |Maximum latent heat flux over ice
   192 |SIaQbOCN|  1 |       |SM      M1|m/s             |Potential HEFF rate of change by ocean ice flux
   193 |SIaQbATC|  1 |       |SM      M1|m/s             |Potential HEFF rate of change by atm flux over ice
   194 |SIaQbATO|  1 |       |SM      M1|m/s             |Potential HEFF rate of change by open ocn atm flux
   195 |SIdHbOCN|  1 |       |SM      M1|m/s             |HEFF rate of change by ocean ice flux
   196 |SIdSbATC|  1 |       |SM      M1|m/s             |HSNOW rate of change by atm flux over sea ice
   197 |SIdSbOCN|  1 |       |SM      M1|m/s             |HSNOW rate of change by ocean ice flux
   198 |SIdHbATC|  1 |       |SM      M1|m/s             |HEFF rate of change by atm flux over sea ice
   199 |SIdHbATO|  1 |       |SM      M1|m/s             |HEFF rate of change by open ocn atm flux
------------------------------------------------------------------------------------
  Num  |<-Name->|Levs|  mate |<- code ->|<--  Units   -->|<- Tile (max=80c)         
------------------------------------------------------------------------------------
   200 |SIdHbFLO|  1 |       |SM      M1|m/s             |HEFF rate of change by flooding snow
   201 |SIdAbATO|  1 |       |SM      M1|m^2/m^2/s       |Potential AREA rate of change by open ocn atm flux
   202 |SIdAbATC|  1 |       |SM      M1|m^2/m^2/s       |Potential AREA rate of change by atm flux over ice
   203 |SIdAbOCN|  1 |       |SM      M1|m^2/m^2/s       |Potential AREA rate of change by ocean ice flux
   204 |SIdA    |  1 |       |SM      M1|m^2/m^2/s       |AREA rate of change (net)
   205 |ADVxHEFF|  1 |   206 |UU      M1|m.m^2/s         |Zonal      Advective Flux of eff ice thickn
   206 |ADVyHEFF|  1 |   205 |VV      M1|m.m^2/s         |Meridional Advective Flux of eff ice thickn
   207 |SIuheff |  1 |   208 |UU      M1|m^2/s           |Zonal      Transport of eff ice thickn (centered)
   208 |SIvheff |  1 |   207 |VV      M1|m^2/s           |Meridional Transport of eff ice thickn (centered)
   209 |DFxEHEFF|  1 |   210 |UU      M1|m^2/s           |Zonal      Diffusive Flux of eff ice thickn
   210 |DFyEHEFF|  1 |   209 |VV      M1|m^2/s           |Meridional Diffusive Flux of eff ice thickn
   211 |ADVxAREA|  1 |   212 |UU      M1|m^2/m^2.m^2/s   |Zonal      Advective Flux of fract area
   212 |ADVyAREA|  1 |   211 |VV      M1|m^2/m^2.m^2/s   |Meridional Advective Flux of fract area
   213 |DFxEAREA|  1 |   214 |UU      M1|m^2/m^2.m^2/s   |Zonal      Diffusive Flux of fract area
   214 |DFyEAREA|  1 |   213 |VV      M1|m^2/m^2.m^2/s   |Meridional Diffusive Flux of fract area
   215 |ADVxSNOW|  1 |   216 |UU      M1|m.m^2/s         |Zonal      Advective Flux of eff snow thickn
   216 |ADVySNOW|  1 |   215 |VV      M1|m.m^2/s         |Meridional Advective Flux of eff snow thickn
   217 |DFxESNOW|  1 |   218 |UU      M1|m.m^2/s         |Zonal      Diffusive Flux of eff snow thickn
   218 |DFyESNOW|  1 |   217 |VV      M1|m.m^2/s         |Meridional Diffusive Flux of eff snow thickn
   219 |ADVxSSLT|  1 |   220 |UU      M1|psu.m^2/s       |Zonal      Advective Flux of seaice salinity
   220 |ADVySSLT|  1 |   219 |VV      M1|psu.m^2/s       |Meridional Advective Flux of seaice salinity
   221 |DFxESSLT|  1 |   222 |UU      M1|psu.m^2/s       |Zonal      Diffusive Flux of seaice salinity
   222 |DFyESSLT|  1 |   221 |VV      M1|psu.m^2/s       |Meridional Diffusive Flux of seaice salinity
   223 |SIpress |  1 |       |SM      M1|m^2/s^2         |SEAICE strength (with upper and lower limit)
   224 |SIzeta  |  1 |       |SM      M1|m^2/s           |SEAICE nonlinear bulk viscosity
   225 |SIeta   |  1 |       |SM      M1|m^2/s           |SEAICE nonlinear shear viscosity
   226 |SIsigI  |  1 |       |SM      M1|no units        |SEAICE normalized principle stress, component one
   227 |SIsigII |  1 |       |SM      M1|no units        |SEAICE normalized principle stress, component two
   228 |SIshear |  1 |       |SM      M1|s^{-1}          |SEAICE shear deformation
   229 |SIdelta |  1 |       |SM      M1|s^{-1}          |SEAICE Delta deformation
   230 |SItensil|  1 |       |SM      M1|m^2/s^2         |SEAICE maximal tensile strength
------------------------------------------------------------------------------------
  Num  |<-Name->|Levs|  mate |<- code ->|<--  Units   -->|<- Tile (max=80c)         
------------------------------------------------------------------------------------
